<?xml version="1.0" encoding="UTF-8"?>
<testng-results ignored="0" total="1" passed="1" failed="0" skipped="0">
  <reporter-output>
  </reporter-output>
  <suite started-at="2025-03-26T13:32:00 IST" name="Default suite" finished-at="2025-03-26T13:32:00 IST" duration-ms="184">
    <groups>
    </groups>
    <test started-at="2025-03-26T13:32:00 IST" name="Default test" finished-at="2025-03-26T13:32:00 IST" duration-ms="184">
      <class name="Test.RegisterTest">
        <test-method signature="f()[pri:0, instance:Test.RegisterTest@10d68fcd]" started-at="2025-03-26T13:32:00 IST" name="f" finished-at="2025-03-26T13:32:00 IST" duration-ms="25" status="PASS">
          <reporter-output>
          </reporter-output>
        </test-method> <!-- f -->
      </class> <!-- Test.RegisterTest -->
    </test> <!-- Default test -->
  </suite> <!-- Default suite -->
</testng-results>
