<?xml version="1.0" encoding="UTF-8"?>
<testng-results ignored="0" total="2" passed="2" failed="0" skipped="0">
  <reporter-output>
  </reporter-output>
  <suite started-at="2025-03-21T14:59:33 IST" name="Suite" finished-at="2025-03-21T14:59:33 IST" duration-ms="140">
    <groups>
    </groups>
    <test started-at="2025-03-21T14:59:33 IST" name="Test2" finished-at="2025-03-21T14:59:33 IST" duration-ms="140">
      <class name="com.test_basics.Params">
        <test-method signature="sub(int,int)[pri:0, instance:com.test_basics.Params@49139829]" started-at="2025-03-21T14:59:33 IST" name="sub" finished-at="2025-03-21T14:59:33 IST" duration-ms="32" status="PASS">
          <params>
            <param index="0">
              <value>
                <![CDATA[2]]>
              </value>
            </param>
            <param index="1">
              <value>
                <![CDATA[2]]>
              </value>
            </param>
          </params>
          <reporter-output>
          </reporter-output>
        </test-method> <!-- sub -->
        <test-method signature="sum(int,int)[pri:0, instance:com.test_basics.Params@49139829]" started-at="2025-03-21T14:59:33 IST" name="sum" finished-at="2025-03-21T14:59:33 IST" duration-ms="4" status="PASS">
          <params>
            <param index="0">
              <value>
                <![CDATA[2]]>
              </value>
            </param>
            <param index="1">
              <value>
                <![CDATA[2]]>
              </value>
            </param>
          </params>
          <reporter-output>
          </reporter-output>
        </test-method> <!-- sum -->
      </class> <!-- com.test_basics.Params -->
    </test> <!-- Test2 -->
  </suite> <!-- Suite -->
</testng-results>
