<?xml version="1.0" encoding="UTF-8"?>
<testng-results ignored="0" total="3" passed="3" failed="0" skipped="0">
  <reporter-output>
  </reporter-output>
  <suite started-at="2025-03-25T12:13:58 IST" name="Suite" finished-at="2025-03-25T12:14:30 IST" duration-ms="32013">
    <groups>
    </groups>
    <test started-at="2025-03-25T12:13:58 IST" name="Test" finished-at="2025-03-25T12:14:30 IST" duration-ms="32013">
      <class name="DataProvider.DataProviderDemo">
        <test-method is-config="true" signature="setup()[pri:0, instance:DataProvider.DataProviderDemo@18078bef]" started-at="2025-03-25T12:13:58 IST" name="setup" finished-at="2025-03-25T12:14:07 IST" duration-ms="8805" status="PASS">
          <reporter-output>
          </reporter-output>
        </test-method> <!-- setup -->
        <test-method signature="search(java.lang.String)[pri:0, instance:DataProvider.DataProviderDemo@18078bef]" started-at="2025-03-25T12:14:07 IST" name="search" data-provider="testData" finished-at="2025-03-25T12:14:08 IST" duration-ms="534" status="PASS">
          <params>
            <param index="0">
              <value>
                <![CDATA[Selenium]]>
              </value>
            </param>
          </params>
          <reporter-output>
          </reporter-output>
        </test-method> <!-- search -->
        <test-method is-config="true" signature="Teardown()[pri:0, instance:DataProvider.DataProviderDemo@18078bef]" started-at="2025-03-25T12:14:08 IST" name="Teardown" finished-at="2025-03-25T12:14:09 IST" duration-ms="1623" status="PASS">
          <reporter-output>
          </reporter-output>
        </test-method> <!-- Teardown -->
        <test-method is-config="true" signature="setup()[pri:0, instance:DataProvider.DataProviderDemo@18078bef]" started-at="2025-03-25T12:14:09 IST" name="setup" finished-at="2025-03-25T12:14:18 IST" duration-ms="8279" status="PASS">
          <reporter-output>
          </reporter-output>
        </test-method> <!-- setup -->
        <test-method signature="search(java.lang.String)[pri:0, instance:DataProvider.DataProviderDemo@18078bef]" started-at="2025-03-25T12:14:18 IST" name="search" data-provider="testData" finished-at="2025-03-25T12:14:19 IST" duration-ms="1601" status="PASS">
          <params>
            <param index="0">
              <value>
                <![CDATA[TestNG]]>
              </value>
            </param>
          </params>
          <reporter-output>
          </reporter-output>
        </test-method> <!-- search -->
        <test-method is-config="true" signature="Teardown()[pri:0, instance:DataProvider.DataProviderDemo@18078bef]" started-at="2025-03-25T12:14:19 IST" name="Teardown" finished-at="2025-03-25T12:14:21 IST" duration-ms="1920" status="PASS">
          <reporter-output>
          </reporter-output>
        </test-method> <!-- Teardown -->
        <test-method is-config="true" signature="setup()[pri:0, instance:DataProvider.DataProviderDemo@18078bef]" started-at="2025-03-25T12:14:21 IST" name="setup" finished-at="2025-03-25T12:14:28 IST" duration-ms="7224" status="PASS">
          <reporter-output>
          </reporter-output>
        </test-method> <!-- setup -->
        <test-method signature="search(java.lang.String)[pri:0, instance:DataProvider.DataProviderDemo@18078bef]" started-at="2025-03-25T12:14:28 IST" name="search" data-provider="testData" finished-at="2025-03-25T12:14:29 IST" duration-ms="326" status="PASS">
          <params>
            <param index="0">
              <value>
                <![CDATA[Automation]]>
              </value>
            </param>
          </params>
          <reporter-output>
          </reporter-output>
        </test-method> <!-- search -->
        <test-method is-config="true" signature="Teardown()[pri:0, instance:DataProvider.DataProviderDemo@18078bef]" started-at="2025-03-25T12:14:29 IST" name="Teardown" finished-at="2025-03-25T12:14:30 IST" duration-ms="1621" status="PASS">
          <reporter-output>
          </reporter-output>
        </test-method> <!-- Teardown -->
      </class> <!-- DataProvider.DataProviderDemo -->
    </test> <!-- Test -->
  </suite> <!-- Suite -->
</testng-results>
