<?xml version="1.0" encoding="UTF-8"?>
<testng-results ignored="0" total="2" passed="2" failed="0" skipped="0">
  <reporter-output>
  </reporter-output>
  <suite started-at="2025-03-21T12:27:46 IST" name="Suite" finished-at="2025-03-21T12:27:46 IST" duration-ms="88">
    <groups>
    </groups>
    <test started-at="2025-03-21T12:27:46 IST" name="Test2" finished-at="2025-03-21T12:27:46 IST" duration-ms="88">
      <class name="com.test_basics.NewTest">
        <test-method is-config="true" signature="beforeSuite()[pri:0, instance:com.test_basics.NewTest@4cc451f2]" started-at="2025-03-21T12:27:46 IST" name="beforeSuite" finished-at="2025-03-21T12:27:46 IST" duration-ms="30" status="PASS">
          <reporter-output>
          </reporter-output>
        </test-method> <!-- beforeSuite -->
        <test-method is-config="true" signature="beforeTest()[pri:0, instance:com.test_basics.NewTest@4cc451f2]" started-at="2025-03-21T12:27:46 IST" name="beforeTest" finished-at="2025-03-21T12:27:46 IST" duration-ms="1" status="PASS">
          <reporter-output>
          </reporter-output>
        </test-method> <!-- beforeTest -->
        <test-method is-config="true" signature="beforeClass()[pri:0, instance:com.test_basics.NewTest@4cc451f2]" started-at="2025-03-21T12:27:46 IST" name="beforeClass" finished-at="2025-03-21T12:27:46 IST" duration-ms="1" status="PASS">
          <reporter-output>
          </reporter-output>
        </test-method> <!-- beforeClass -->
        <test-method is-config="true" signature="beforeMethod()[pri:0, instance:com.test_basics.NewTest@4cc451f2]" started-at="2025-03-21T12:27:46 IST" name="beforeMethod" finished-at="2025-03-21T12:27:46 IST" duration-ms="1" status="PASS">
          <reporter-output>
          </reporter-output>
        </test-method> <!-- beforeMethod -->
        <test-method signature="Login()[pri:0, instance:com.test_basics.NewTest@4cc451f2]" started-at="2025-03-21T12:27:46 IST" name="Login" finished-at="2025-03-21T12:27:46 IST" duration-ms="7" status="PASS">
          <reporter-output>
          </reporter-output>
        </test-method> <!-- Login -->
        <test-method is-config="true" signature="afterMethod()[pri:0, instance:com.test_basics.NewTest@4cc451f2]" started-at="2025-03-21T12:27:46 IST" name="afterMethod" finished-at="2025-03-21T12:27:46 IST" duration-ms="1" status="PASS">
          <reporter-output>
          </reporter-output>
        </test-method> <!-- afterMethod -->
        <test-method is-config="true" signature="beforeMethod()[pri:0, instance:com.test_basics.NewTest@4cc451f2]" started-at="2025-03-21T12:27:46 IST" name="beforeMethod" finished-at="2025-03-21T12:27:46 IST" duration-ms="1" status="PASS">
          <reporter-output>
          </reporter-output>
        </test-method> <!-- beforeMethod -->
        <test-method signature="Logout()[pri:0, instance:com.test_basics.NewTest@4cc451f2]" started-at="2025-03-21T12:27:46 IST" name="Logout" finished-at="2025-03-21T12:27:46 IST" duration-ms="1" status="PASS">
          <reporter-output>
          </reporter-output>
        </test-method> <!-- Logout -->
        <test-method is-config="true" signature="afterMethod()[pri:0, instance:com.test_basics.NewTest@4cc451f2]" started-at="2025-03-21T12:27:46 IST" name="afterMethod" finished-at="2025-03-21T12:27:46 IST" duration-ms="4" status="PASS">
          <reporter-output>
          </reporter-output>
        </test-method> <!-- afterMethod -->
        <test-method is-config="true" signature="afterClass()[pri:0, instance:com.test_basics.NewTest@4cc451f2]" started-at="2025-03-21T12:27:46 IST" name="afterClass" finished-at="2025-03-21T12:27:46 IST" duration-ms="1" status="PASS">
          <reporter-output>
          </reporter-output>
        </test-method> <!-- afterClass -->
        <test-method is-config="true" signature="afterTest()[pri:0, instance:com.test_basics.NewTest@4cc451f2]" started-at="2025-03-21T12:27:46 IST" name="afterTest" finished-at="2025-03-21T12:27:46 IST" duration-ms="2" status="PASS">
          <reporter-output>
          </reporter-output>
        </test-method> <!-- afterTest -->
        <test-method is-config="true" signature="afterSuite()[pri:0, instance:com.test_basics.NewTest@4cc451f2]" started-at="2025-03-21T12:27:46 IST" name="afterSuite" finished-at="2025-03-21T12:27:46 IST" duration-ms="2" status="PASS">
          <reporter-output>
          </reporter-output>
        </test-method> <!-- afterSuite -->
      </class> <!-- com.test_basics.NewTest -->
    </test> <!-- Test2 -->
  </suite> <!-- Suite -->
</testng-results>
