<?xml version="1.0" encoding="UTF-8"?>
<testng-results ignored="0" total="6" passed="6" failed="0" skipped="0">
  <reporter-output>
  </reporter-output>
  <suite started-at="2025-03-21T16:36:54 IST" name="Suite" finished-at="2025-03-21T16:37:28 IST" duration-ms="34591">
    <groups>
    </groups>
    <test started-at="2025-03-21T16:36:54 IST" name="Test1" finished-at="2025-03-21T16:37:03 IST" duration-ms="9599">
      <class name="com.test_basics.OrangeHrm">
        <test-method signature="parametertest(java.lang.String)[pri:0, instance:com.test_basics.OrangeHrm@42a48628]" started-at="2025-03-21T16:36:54 IST" name="parametertest" finished-at="2025-03-21T16:37:03 IST" duration-ms="8699" status="PASS">
          <params>
            <param index="0">
              <value>
                <![CDATA[chrome]]>
              </value>
            </param>
          </params>
          <reporter-output>
          </reporter-output>
        </test-method> <!-- parametertest -->
        <test-method signature="parametertest(java.lang.String,java.lang.String)[pri:0, instance:com.test_basics.OrangeHrm@42a48628]" started-at="2025-03-21T16:37:03 IST" name="parametertest" finished-at="2025-03-21T16:37:03 IST" duration-ms="816" status="PASS">
          <params>
            <param index="0">
              <value>
                <![CDATA[Admin]]>
              </value>
            </param>
            <param index="1">
              <value>
                <![CDATA[admin123]]>
              </value>
            </param>
          </params>
          <reporter-output>
          </reporter-output>
        </test-method> <!-- parametertest -->
      </class> <!-- com.test_basics.OrangeHrm -->
    </test> <!-- Test1 -->
    <test started-at="2025-03-21T16:37:04 IST" name="Test2" finished-at="2025-03-21T16:37:13 IST" duration-ms="9882">
      <class name="com.test_basics.OrangeHrm">
        <test-method signature="parametertest(java.lang.String)[pri:0, instance:com.test_basics.OrangeHrm@682b2fa]" started-at="2025-03-21T16:37:04 IST" name="parametertest" finished-at="2025-03-21T16:37:12 IST" duration-ms="8770" status="PASS">
          <params>
            <param index="0">
              <value>
                <![CDATA[edge]]>
              </value>
            </param>
          </params>
          <reporter-output>
          </reporter-output>
        </test-method> <!-- parametertest -->
        <test-method signature="parametertest(java.lang.String,java.lang.String)[pri:0, instance:com.test_basics.OrangeHrm@682b2fa]" started-at="2025-03-21T16:37:12 IST" name="parametertest" finished-at="2025-03-21T16:37:13 IST" duration-ms="1082" status="PASS">
          <params>
            <param index="0">
              <value>
                <![CDATA[Admin]]>
              </value>
            </param>
            <param index="1">
              <value>
                <![CDATA[admin123]]>
              </value>
            </param>
          </params>
          <reporter-output>
          </reporter-output>
        </test-method> <!-- parametertest -->
      </class> <!-- com.test_basics.OrangeHrm -->
    </test> <!-- Test2 -->
    <test started-at="2025-03-21T16:37:13 IST" name="Test3" finished-at="2025-03-21T16:37:28 IST" duration-ms="14977">
      <class name="com.test_basics.OrangeHrm">
        <test-method signature="parametertest(java.lang.String)[pri:0, instance:com.test_basics.OrangeHrm@7dcf94f8]" started-at="2025-03-21T16:37:13 IST" name="parametertest" finished-at="2025-03-21T16:37:25 IST" duration-ms="11587" status="PASS">
          <params>
            <param index="0">
              <value>
                <![CDATA[firefox]]>
              </value>
            </param>
          </params>
          <reporter-output>
          </reporter-output>
        </test-method> <!-- parametertest -->
        <test-method signature="parametertest(java.lang.String,java.lang.String)[pri:0, instance:com.test_basics.OrangeHrm@7dcf94f8]" started-at="2025-03-21T16:37:25 IST" name="parametertest" finished-at="2025-03-21T16:37:28 IST" duration-ms="3373" status="PASS">
          <params>
            <param index="0">
              <value>
                <![CDATA[Admin]]>
              </value>
            </param>
            <param index="1">
              <value>
                <![CDATA[admin123]]>
              </value>
            </param>
          </params>
          <reporter-output>
          </reporter-output>
        </test-method> <!-- parametertest -->
      </class> <!-- com.test_basics.OrangeHrm -->
    </test> <!-- Test3 -->
  </suite> <!-- Suite -->
</testng-results>
