<?xml version="1.0" encoding="UTF-8"?>
<testng-results ignored="0" total="3" passed="3" failed="0" skipped="0">
  <reporter-output>
  </reporter-output>
  <suite started-at="2025-03-21T14:27:53 IST" name="Default suite" finished-at="2025-03-21T14:27:53 IST" duration-ms="106">
    <groups>
      <group name="Smoketest ">
        <method signature="Priority.f1()[pri:0, instance:com.test_basics.Priority@6adbc9d]" name="f1" class="com.test_basics.Priority"/>
      </group> <!-- Smoketest  -->
      <group name="Regressiontest">
        <method signature="Priority.f()[pri:0, instance:com.test_basics.Priority@6adbc9d]" name="f" class="com.test_basics.Priority"/>
        <method signature="Priority.f1()[pri:0, instance:com.test_basics.Priority@6adbc9d]" name="f1" class="com.test_basics.Priority"/>
        <method signature="Priority.f2()[pri:0, instance:com.test_basics.Priority@6adbc9d]" name="f2" class="com.test_basics.Priority"/>
      </group> <!-- Regressiontest -->
      <group name="Latencytest">
        <method signature="Priority.f2()[pri:0, instance:com.test_basics.Priority@6adbc9d]" name="f2" class="com.test_basics.Priority"/>
      </group> <!-- Latencytest -->
      <group name="Smoketest">
        <method signature="Priority.f2()[pri:0, instance:com.test_basics.Priority@6adbc9d]" name="f2" class="com.test_basics.Priority"/>
      </group> <!-- Smoketest -->
    </groups>
    <test started-at="2025-03-21T14:27:53 IST" name="Default test" finished-at="2025-03-21T14:27:53 IST" duration-ms="106">
      <class name="com.test_basics.Priority">
        <test-method signature="f()[pri:0, instance:com.test_basics.Priority@6adbc9d]" started-at="2025-03-21T14:27:53 IST" name="f" finished-at="2025-03-21T14:27:53 IST" duration-ms="12" status="PASS">
          <reporter-output>
          </reporter-output>
        </test-method> <!-- f -->
        <test-method signature="f1()[pri:0, instance:com.test_basics.Priority@6adbc9d]" started-at="2025-03-21T14:27:53 IST" name="f1" finished-at="2025-03-21T14:27:53 IST" duration-ms="6" status="PASS">
          <reporter-output>
          </reporter-output>
        </test-method> <!-- f1 -->
        <test-method signature="f2()[pri:0, instance:com.test_basics.Priority@6adbc9d]" started-at="2025-03-21T14:27:53 IST" name="f2" finished-at="2025-03-21T14:27:53 IST" duration-ms="7" status="PASS">
          <reporter-output>
          </reporter-output>
        </test-method> <!-- f2 -->
      </class> <!-- com.test_basics.Priority -->
    </test> <!-- Default test -->
  </suite> <!-- Default suite -->
</testng-results>
