<?xml version="1.0" encoding="UTF-8"?>
<testng-results ignored="0" total="2" passed="2" failed="0" skipped="0">
  <reporter-output>
  </reporter-output>
  <suite started-at="2025-03-24T22:58:37 IST" name="TestSuite" finished-at="2025-03-24T22:58:38 IST" duration-ms="233">
    <groups>
    </groups>
    <test started-at="2025-03-24T22:58:37 IST" name="Run All Tests" finished-at="2025-03-24T22:58:38 IST" duration-ms="233">
      <class name="TEST.JUnitTestRunner">
        <test-method signature="runJUnitTests()[pri:0, instance:TEST.JUnitTestRunner@1a482e36]" started-at="2025-03-24T22:58:37 IST" name="runJUnitTests" finished-at="2025-03-24T22:58:38 IST" duration-ms="131" status="PASS">
          <reporter-output>
          </reporter-output>
        </test-method> <!-- runJUnitTests -->
      </class> <!-- TEST.JUnitTestRunner -->
      <class name="TEST.TestNGTest">
        <test-method signature="testTestNGExample()[pri:0, instance:TEST.TestNGTest@49139829]" started-at="2025-03-24T22:58:37 IST" name="testTestNGExample" finished-at="2025-03-24T22:58:37 IST" duration-ms="19" status="PASS">
          <reporter-output>
          </reporter-output>
        </test-method> <!-- testTestNGExample -->
      </class> <!-- TEST.TestNGTest -->
    </test> <!-- Run All Tests -->
  </suite> <!-- TestSuite -->
</testng-results>
