<?xml version="1.0" encoding="UTF-8"?>
<testng-results ignored="0" total="1" passed="1" failed="0" skipped="0">
  <reporter-output>
  </reporter-output>
  <suite started-at="2025-03-21T11:59:19 IST" name="Suite" finished-at="2025-03-21T11:59:30 IST" duration-ms="10769">
    <groups>
    </groups>
    <test started-at="2025-03-21T11:59:19 IST" name="Test2" finished-at="2025-03-21T11:59:30 IST" duration-ms="10769">
      <class name="com.test_basics.Demo1">
        <test-method is-config="true" signature="beforeTest()[pri:0, instance:com.test_basics.Demo1@3a3e78f]" started-at="2025-03-21T11:59:19 IST" name="beforeTest" finished-at="2025-03-21T11:59:23 IST" duration-ms="3853" status="PASS">
          <reporter-output>
          </reporter-output>
        </test-method> <!-- beforeTest -->
        <test-method signature="f()[pri:0, instance:com.test_basics.Demo1@3a3e78f]" started-at="2025-03-21T11:59:23 IST" name="f" finished-at="2025-03-21T11:59:29 IST" duration-ms="6257" status="PASS">
          <reporter-output>
          </reporter-output>
        </test-method> <!-- f -->
        <test-method is-config="true" signature="afterTest()[pri:0, instance:com.test_basics.Demo1@3a3e78f]" started-at="2025-03-21T11:59:29 IST" name="afterTest" finished-at="2025-03-21T11:59:30 IST" duration-ms="576" status="PASS">
          <reporter-output>
          </reporter-output>
        </test-method> <!-- afterTest -->
      </class> <!-- com.test_basics.Demo1 -->
    </test> <!-- Test2 -->
  </suite> <!-- Suite -->
</testng-results>
