<?xml version="1.0" encoding="UTF-8"?>
<testng-results ignored="0" total="3" passed="3" failed="0" skipped="0">
  <reporter-output>
  </reporter-output>
  <suite started-at="2025-03-25T16:09:07 IST" name="ParallelTestSuite" finished-at="2025-03-25T16:09:31 IST" duration-ms="24870">
    <groups>
    </groups>
    <test started-at="2025-03-25T16:09:07 IST" name="Parallel Search Test" finished-at="2025-03-25T16:09:31 IST" duration-ms="24870">
      <class name="DataProvider.DataProviderExcel">
        <test-method is-config="true" signature="setup()[pri:0, instance:DataProvider.DataProviderExcel@fd07cbb]" started-at="2025-03-25T16:09:08 IST" name="setup" finished-at="2025-03-25T16:09:21 IST" duration-ms="13430" status="PASS">
          <reporter-output>
          </reporter-output>
        </test-method> <!-- setup -->
        <test-method is-config="true" signature="setup()[pri:0, instance:DataProvider.DataProviderExcel@fd07cbb]" started-at="2025-03-25T16:09:08 IST" name="setup" finished-at="2025-03-25T16:09:21 IST" duration-ms="12632" status="PASS">
          <reporter-output>
          </reporter-output>
        </test-method> <!-- setup -->
        <test-method is-config="true" signature="setup()[pri:0, instance:DataProvider.DataProviderExcel@fd07cbb]" started-at="2025-03-25T16:09:08 IST" name="setup" finished-at="2025-03-25T16:09:25 IST" duration-ms="17400" status="PASS">
          <reporter-output>
          </reporter-output>
        </test-method> <!-- setup -->
        <test-method signature="search(java.lang.String,java.lang.String)[pri:0, instance:DataProvider.DataProviderExcel@fd07cbb]" started-at="2025-03-25T16:09:21 IST" name="search" data-provider="excelData" finished-at="2025-03-25T16:09:26 IST" duration-ms="5885" status="PASS">
          <params>
            <param index="0">
              <value>
                <![CDATA[TestNg]]>
              </value>
            </param>
            <param index="1">
              <value>
                <![CDATA[Junit]]>
              </value>
            </param>
          </params>
          <reporter-output>
          </reporter-output>
        </test-method> <!-- search -->
        <test-method signature="search(java.lang.String,java.lang.String)[pri:0, instance:DataProvider.DataProviderExcel@fd07cbb]" started-at="2025-03-25T16:09:21 IST" name="search" data-provider="excelData" finished-at="2025-03-25T16:09:27 IST" duration-ms="5942" status="PASS">
          <params>
            <param index="0">
              <value>
                <![CDATA[Eclipse]]>
              </value>
            </param>
            <param index="1">
              <value>
                <![CDATA[Jenkins]]>
              </value>
            </param>
          </params>
          <reporter-output>
          </reporter-output>
        </test-method> <!-- search -->
        <test-method signature="search(java.lang.String,java.lang.String)[pri:0, instance:DataProvider.DataProviderExcel@fd07cbb]" started-at="2025-03-25T16:09:25 IST" name="search" data-provider="excelData" finished-at="2025-03-25T16:09:30 IST" duration-ms="4598" status="PASS">
          <params>
            <param index="0">
              <value>
                <![CDATA[Selenium ]]>
              </value>
            </param>
            <param index="1">
              <value>
                <![CDATA[java]]>
              </value>
            </param>
          </params>
          <reporter-output>
          </reporter-output>
        </test-method> <!-- search -->
        <test-method is-config="true" signature="burnDown()[pri:0, instance:DataProvider.DataProviderExcel@fd07cbb]" started-at="2025-03-25T16:09:26 IST" name="burnDown" finished-at="2025-03-25T16:09:30 IST" duration-ms="3124" status="PASS">
          <reporter-output>
          </reporter-output>
        </test-method> <!-- burnDown -->
        <test-method is-config="true" signature="burnDown()[pri:0, instance:DataProvider.DataProviderExcel@fd07cbb]" started-at="2025-03-25T16:09:27 IST" name="burnDown" finished-at="2025-03-25T16:09:30 IST" duration-ms="2706" status="PASS">
          <reporter-output>
          </reporter-output>
        </test-method> <!-- burnDown -->
        <test-method is-config="true" signature="burnDown()[pri:0, instance:DataProvider.DataProviderExcel@fd07cbb]" started-at="2025-03-25T16:09:30 IST" name="burnDown" finished-at="2025-03-25T16:09:31 IST" duration-ms="1430" status="PASS">
          <reporter-output>
          </reporter-output>
        </test-method> <!-- burnDown -->
      </class> <!-- DataProvider.DataProviderExcel -->
    </test> <!-- Parallel Search Test -->
  </suite> <!-- ParallelTestSuite -->
</testng-results>
