<?xml version="1.0" encoding="UTF-8"?>
<testng-results ignored="0" total="1" passed="1" failed="0" skipped="0">
  <reporter-output>
  </reporter-output>
  <suite started-at="2025-03-20T22:18:14 IST" name="Default suite" finished-at="2025-03-20T22:18:28 IST" duration-ms="14724">
    <groups>
    </groups>
    <test started-at="2025-03-20T22:18:14 IST" name="Default test" finished-at="2025-03-20T22:18:28 IST" duration-ms="14724">
      <class name="com.test_basics.Demo1">
        <test-method is-config="true" signature="beforeTest()[pri:0, instance:com.test_basics.Demo1@681a8b4e]" started-at="2025-03-20T22:18:14 IST" name="beforeTest" finished-at="2025-03-20T22:18:23 IST" duration-ms="9021" status="PASS">
          <reporter-output>
          </reporter-output>
        </test-method> <!-- beforeTest -->
        <test-method signature="f()[pri:0, instance:com.test_basics.Demo1@681a8b4e]" started-at="2025-03-20T22:18:23 IST" name="f" finished-at="2025-03-20T22:18:28 IST" duration-ms="5196" status="PASS">
          <reporter-output>
          </reporter-output>
        </test-method> <!-- f -->
        <test-method is-config="true" signature="afterTest()[pri:0, instance:com.test_basics.Demo1@681a8b4e]" started-at="2025-03-20T22:18:28 IST" name="afterTest" finished-at="2025-03-20T22:18:28 IST" duration-ms="372" status="PASS">
          <reporter-output>
          </reporter-output>
        </test-method> <!-- afterTest -->
      </class> <!-- com.test_basics.Demo1 -->
    </test> <!-- Default test -->
  </suite> <!-- Default suite -->
</testng-results>
