<?xml version="1.0" encoding="UTF-8"?>
<testng-results ignored="0" total="3" passed="3" failed="0" skipped="0">
  <reporter-output>
  </reporter-output>
  <suite started-at="2025-03-21T13:03:59 IST" name="Default suite" finished-at="2025-03-21T13:04:07 IST" duration-ms="7809">
    <groups>
    </groups>
    <test started-at="2025-03-21T13:03:59 IST" name="Default test" finished-at="2025-03-21T13:04:07 IST" duration-ms="7809">
      <class name="com.test_basics.Priority">
        <test-method signature="f()[pri:0, instance:com.test_basics.Priority@49139829]" started-at="2025-03-21T13:03:59 IST" name="f" finished-at="2025-03-21T13:04:06 IST" duration-ms="6563" status="PASS">
          <reporter-output>
          </reporter-output>
        </test-method> <!-- f -->
        <test-method signature="f1()[pri:0, instance:com.test_basics.Priority@49139829]" started-at="2025-03-21T13:04:06 IST" name="f1" finished-at="2025-03-21T13:04:07 IST" depends-on-methods="com.test_basics.Priority.f" duration-ms="818" status="PASS">
          <reporter-output>
          </reporter-output>
        </test-method> <!-- f1 -->
        <test-method signature="f2()[pri:0, instance:com.test_basics.Priority@49139829]" started-at="2025-03-21T13:04:07 IST" name="f2" finished-at="2025-03-21T13:04:07 IST" depends-on-methods="com.test_basics.Priority.f1" duration-ms="290" status="PASS">
          <reporter-output>
          </reporter-output>
        </test-method> <!-- f2 -->
      </class> <!-- com.test_basics.Priority -->
    </test> <!-- Default test -->
  </suite> <!-- Default suite -->
</testng-results>
