<?xml version="1.0" encoding="UTF-8"?>
<testng-results ignored="0" total="3" passed="3" failed="0" skipped="0">
  <reporter-output>
  </reporter-output>
  <suite started-at="2025-03-25T14:19:13 IST" name="ParallelTestSuite" finished-at="2025-03-25T14:19:27 IST" duration-ms="13941">
    <groups>
    </groups>
    <test started-at="2025-03-25T14:19:13 IST" name="Parallel Search Test" finished-at="2025-03-25T14:19:27 IST" duration-ms="13941">
      <class name="DataProvider.DataProviderDemo">
        <test-method is-config="true" signature="setup()[pri:0, instance:DataProvider.DataProviderDemo@77fbd92c]" started-at="2025-03-25T14:19:13 IST" name="setup" finished-at="2025-03-25T14:19:21 IST" duration-ms="7540" status="PASS">
          <reporter-output>
          </reporter-output>
        </test-method> <!-- setup -->
        <test-method is-config="true" signature="setup()[pri:0, instance:DataProvider.DataProviderDemo@77fbd92c]" started-at="2025-03-25T14:19:13 IST" name="setup" finished-at="2025-03-25T14:19:21 IST" duration-ms="8225" status="PASS">
          <reporter-output>
          </reporter-output>
        </test-method> <!-- setup -->
        <test-method is-config="true" signature="setup()[pri:0, instance:DataProvider.DataProviderDemo@77fbd92c]" started-at="2025-03-25T14:19:13 IST" name="setup" finished-at="2025-03-25T14:19:22 IST" duration-ms="8628" status="PASS">
          <reporter-output>
          </reporter-output>
        </test-method> <!-- setup -->
        <test-method signature="search(java.lang.String,java.lang.String)[pri:0, instance:DataProvider.DataProviderDemo@77fbd92c]" started-at="2025-03-25T14:19:21 IST" name="search" data-provider="testData" finished-at="2025-03-25T14:19:27 IST" duration-ms="5892" status="PASS">
          <params>
            <param index="0">
              <value>
                <![CDATA[Automation Tester]]>
              </value>
            </param>
            <param index="1">
              <value>
                <![CDATA[2-5 years]]>
              </value>
            </param>
          </params>
          <reporter-output>
          </reporter-output>
        </test-method> <!-- search -->
        <test-method signature="search(java.lang.String,java.lang.String)[pri:0, instance:DataProvider.DataProviderDemo@77fbd92c]" started-at="2025-03-25T14:19:21 IST" name="search" data-provider="testData" finished-at="2025-03-25T14:19:26 IST" duration-ms="4958" status="PASS">
          <params>
            <param index="0">
              <value>
                <![CDATA[Performance Tester]]>
              </value>
            </param>
            <param index="1">
              <value>
                <![CDATA[3+ years]]>
              </value>
            </param>
          </params>
          <reporter-output>
          </reporter-output>
        </test-method> <!-- search -->
        <test-method signature="search(java.lang.String,java.lang.String)[pri:0, instance:DataProvider.DataProviderDemo@77fbd92c]" started-at="2025-03-25T14:19:22 IST" name="search" data-provider="testData" finished-at="2025-03-25T14:19:26 IST" duration-ms="4548" status="PASS">
          <params>
            <param index="0">
              <value>
                <![CDATA[DevOps]]>
              </value>
            </param>
            <param index="1">
              <value>
                <![CDATA[5+ years]]>
              </value>
            </param>
          </params>
          <reporter-output>
          </reporter-output>
        </test-method> <!-- search -->
        <test-method is-config="true" signature="afterMethod()[pri:0, instance:DataProvider.DataProviderDemo@77fbd92c]" started-at="2025-03-25T14:19:26 IST" name="afterMethod" finished-at="2025-03-25T14:19:27 IST" duration-ms="600" status="PASS">
          <reporter-output>
          </reporter-output>
        </test-method> <!-- afterMethod -->
        <test-method is-config="true" signature="afterMethod()[pri:0, instance:DataProvider.DataProviderDemo@77fbd92c]" started-at="2025-03-25T14:19:26 IST" name="afterMethod" finished-at="2025-03-25T14:19:27 IST" duration-ms="591" status="PASS">
          <reporter-output>
          </reporter-output>
        </test-method> <!-- afterMethod -->
        <test-method is-config="true" signature="afterMethod()[pri:0, instance:DataProvider.DataProviderDemo@77fbd92c]" started-at="2025-03-25T14:19:27 IST" name="afterMethod" finished-at="2025-03-25T14:19:27 IST" duration-ms="418" status="PASS">
          <reporter-output>
          </reporter-output>
        </test-method> <!-- afterMethod -->
      </class> <!-- DataProvider.DataProviderDemo -->
    </test> <!-- Parallel Search Test -->
  </suite> <!-- ParallelTestSuite -->
</testng-results>
