<?xml version="1.0" encoding="UTF-8"?>
<testng-results ignored="0" total="1" passed="1" failed="0" skipped="0">
  <reporter-output>
  </reporter-output>
  <suite started-at="2025-03-27T10:59:58 IST" name="Default suite" finished-at="2025-03-27T11:00:24 IST" duration-ms="25577">
    <groups>
    </groups>
    <test started-at="2025-03-27T10:59:58 IST" name="Default test" finished-at="2025-03-27T11:00:24 IST" duration-ms="25577">
      <class name="POM_Basics.PoM_Basics">
        <test-method is-config="true" signature="setup()[pri:0, instance:POM_Basics.PoM_Basics@61d6015a]" started-at="2025-03-27T10:59:58 IST" name="setup" finished-at="2025-03-27T11:00:16 IST" duration-ms="18088" status="PASS">
          <reporter-output>
          </reporter-output>
        </test-method> <!-- setup -->
        <test-method is-config="true" signature="Pom()[pri:0, instance:POM_Basics.PoM_Basics@61d6015a]" started-at="2025-03-27T11:00:16 IST" name="Pom" finished-at="2025-03-27T11:00:16 IST" duration-ms="40" status="PASS">
          <reporter-output>
          </reporter-output>
        </test-method> <!-- Pom -->
        <test-method signature="googleSearchTest()[pri:0, instance:POM_Basics.PoM_Basics@61d6015a]" started-at="2025-03-27T11:00:16 IST" name="googleSearchTest" finished-at="2025-03-27T11:00:24 IST" duration-ms="7353" status="PASS">
          <reporter-output>
          </reporter-output>
        </test-method> <!-- googleSearchTest -->
      </class> <!-- POM_Basics.PoM_Basics -->
    </test> <!-- Default test -->
  </suite> <!-- Default suite -->
</testng-results>
