<?xml version="1.0" encoding="UTF-8"?>
<testng-results ignored="0" total="2" passed="2" failed="0" skipped="0">
  <reporter-output>
  </reporter-output>
  <suite started-at="2025-03-24T15:02:02 IST" name="Suite" finished-at="2025-03-24T15:02:51 IST" duration-ms="49170">
    <groups>
    </groups>
    <test started-at="2025-03-24T15:02:02 IST" name="Test" finished-at="2025-03-24T15:02:51 IST" duration-ms="49170">
      <class name="com.tests.DashBoardTest">
        <test-method is-config="true" signature="setup()[pri:0, instance:com.tests.DashBoardTest@618b19ad]" started-at="2025-03-24T15:02:38 IST" name="setup" finished-at="2025-03-24T15:02:47 IST" duration-ms="9401" status="PASS">
          <reporter-output>
          </reporter-output>
        </test-method> <!-- setup -->
        <test-method signature="DashBoardtest()[pri:1, instance:com.tests.DashBoardTest@618b19ad]" started-at="2025-03-24T15:02:47 IST" name="DashBoardtest" finished-at="2025-03-24T15:02:51 IST" depends-on-methods="loginTest" duration-ms="3893" status="PASS">
          <reporter-output>
          </reporter-output>
        </test-method> <!-- DashBoardtest -->
        <test-method is-config="true" signature="close()[pri:0, instance:com.tests.DashBoardTest@618b19ad]" started-at="2025-03-24T15:02:51 IST" name="close" finished-at="2025-03-24T15:02:51 IST" duration-ms="160" status="PASS">
          <reporter-output>
          </reporter-output>
        </test-method> <!-- close -->
      </class> <!-- com.tests.DashBoardTest -->
      <class name="com.tests.LoginTest">
        <test-method is-config="true" signature="setup()[pri:0, instance:com.tests.LoginTest@397fbdb]" started-at="2025-03-24T15:02:02 IST" name="setup" finished-at="2025-03-24T15:02:30 IST" duration-ms="28178" status="PASS">
          <reporter-output>
          </reporter-output>
        </test-method> <!-- setup -->
        <test-method signature="loginTest()[pri:0, instance:com.tests.LoginTest@397fbdb]" started-at="2025-03-24T15:02:30 IST" name="loginTest" finished-at="2025-03-24T15:02:37 IST" duration-ms="7297" status="PASS">
          <reporter-output>
          </reporter-output>
        </test-method> <!-- loginTest -->
        <test-method is-config="true" signature="close()[pri:0, instance:com.tests.LoginTest@397fbdb]" started-at="2025-03-24T15:02:37 IST" name="close" finished-at="2025-03-24T15:02:38 IST" duration-ms="167" status="PASS">
          <reporter-output>
          </reporter-output>
        </test-method> <!-- close -->
      </class> <!-- com.tests.LoginTest -->
    </test> <!-- Test -->
  </suite> <!-- Suite -->
</testng-results>
