<?xml version="1.0" encoding="UTF-8"?>
<testng-results ignored="0" total="1" passed="1" failed="0" skipped="0">
  <reporter-output>
  </reporter-output>
  <suite started-at="2025-03-21T12:01:54 IST" name="Suite" finished-at="2025-03-21T12:01:54 IST" duration-ms="95">
    <groups>
    </groups>
    <test started-at="2025-03-21T12:01:54 IST" name="Test2" finished-at="2025-03-21T12:01:54 IST" duration-ms="95">
      <class name="com.test_basics.Assert">
        <test-method is-config="true" signature="beforeTest()[pri:0, instance:com.test_basics.Assert@5af3afd9]" started-at="2025-03-21T12:01:54 IST" name="beforeTest" finished-at="2025-03-21T12:01:54 IST" duration-ms="26" status="PASS">
          <reporter-output>
          </reporter-output>
        </test-method> <!-- beforeTest -->
        <test-method signature="testAssertion()[pri:0, instance:com.test_basics.Assert@5af3afd9]" started-at="2025-03-21T12:01:54 IST" name="testAssertion" finished-at="2025-03-21T12:01:54 IST" duration-ms="7" status="PASS">
          <reporter-output>
          </reporter-output>
        </test-method> <!-- testAssertion -->
        <test-method is-config="true" signature="afterTest()[pri:0, instance:com.test_basics.Assert@5af3afd9]" started-at="2025-03-21T12:01:54 IST" name="afterTest" finished-at="2025-03-21T12:01:54 IST" duration-ms="1" status="PASS">
          <reporter-output>
          </reporter-output>
        </test-method> <!-- afterTest -->
      </class> <!-- com.test_basics.Assert -->
    </test> <!-- Test2 -->
  </suite> <!-- Suite -->
</testng-results>
