<?xml version="1.0" encoding="UTF-8"?>
<testng-results ignored="0" total="3" passed="3" failed="0" skipped="0">
  <reporter-output>
  </reporter-output>
  <suite started-at="2025-03-25T13:26:55 IST" name="ParallelTestSuite" finished-at="2025-03-25T13:27:08 IST" duration-ms="13556">
    <groups>
    </groups>
    <test started-at="2025-03-25T13:26:55 IST" name="Parallel Search Test" finished-at="2025-03-25T13:27:08 IST" duration-ms="13556">
      <class name="DataProvider.DataProviderDemo">
        <test-method is-config="true" signature="setup()[pri:0, instance:DataProvider.DataProviderDemo@77fbd92c]" started-at="2025-03-25T13:26:55 IST" name="setup" finished-at="2025-03-25T13:27:03 IST" duration-ms="7884" status="PASS">
          <reporter-output>
          </reporter-output>
        </test-method> <!-- setup -->
        <test-method is-config="true" signature="setup()[pri:0, instance:DataProvider.DataProviderDemo@77fbd92c]" started-at="2025-03-25T13:26:55 IST" name="setup" finished-at="2025-03-25T13:27:03 IST" duration-ms="8131" status="PASS">
          <reporter-output>
          </reporter-output>
        </test-method> <!-- setup -->
        <test-method is-config="true" signature="setup()[pri:0, instance:DataProvider.DataProviderDemo@77fbd92c]" started-at="2025-03-25T13:26:55 IST" name="setup" finished-at="2025-03-25T13:27:04 IST" duration-ms="8655" status="PASS">
          <reporter-output>
          </reporter-output>
        </test-method> <!-- setup -->
        <test-method signature="search(java.lang.String,java.lang.String)[pri:0, instance:DataProvider.DataProviderDemo@77fbd92c]" started-at="2025-03-25T13:27:03 IST" name="search" data-provider="testData" finished-at="2025-03-25T13:27:08 IST" duration-ms="5316" status="PASS">
          <params>
            <param index="0">
              <value>
                <![CDATA[Performance Tester]]>
              </value>
            </param>
            <param index="1">
              <value>
                <![CDATA[3+ years]]>
              </value>
            </param>
          </params>
          <reporter-output>
          </reporter-output>
        </test-method> <!-- search -->
        <test-method signature="search(java.lang.String,java.lang.String)[pri:0, instance:DataProvider.DataProviderDemo@77fbd92c]" started-at="2025-03-25T13:27:03 IST" name="search" data-provider="testData" finished-at="2025-03-25T13:27:07 IST" duration-ms="3598" status="PASS">
          <params>
            <param index="0">
              <value>
                <![CDATA[DevOps]]>
              </value>
            </param>
            <param index="1">
              <value>
                <![CDATA[5+ years]]>
              </value>
            </param>
          </params>
          <reporter-output>
          </reporter-output>
        </test-method> <!-- search -->
        <test-method signature="search(java.lang.String,java.lang.String)[pri:0, instance:DataProvider.DataProviderDemo@77fbd92c]" started-at="2025-03-25T13:27:04 IST" name="search" data-provider="testData" finished-at="2025-03-25T13:27:08 IST" duration-ms="4083" status="PASS">
          <params>
            <param index="0">
              <value>
                <![CDATA[Automation Tester]]>
              </value>
            </param>
            <param index="1">
              <value>
                <![CDATA[2-5 years]]>
              </value>
            </param>
          </params>
          <reporter-output>
          </reporter-output>
        </test-method> <!-- search -->
        <test-method is-config="true" signature="afterMethod()[pri:0, instance:DataProvider.DataProviderDemo@77fbd92c]" started-at="2025-03-25T13:27:07 IST" name="afterMethod" finished-at="2025-03-25T13:27:07 IST" duration-ms="566" status="PASS">
          <reporter-output>
          </reporter-output>
        </test-method> <!-- afterMethod -->
        <test-method is-config="true" signature="afterMethod()[pri:0, instance:DataProvider.DataProviderDemo@77fbd92c]" started-at="2025-03-25T13:27:08 IST" name="afterMethod" finished-at="2025-03-25T13:27:08 IST" duration-ms="266" status="PASS">
          <reporter-output>
          </reporter-output>
        </test-method> <!-- afterMethod -->
        <test-method is-config="true" signature="afterMethod()[pri:0, instance:DataProvider.DataProviderDemo@77fbd92c]" started-at="2025-03-25T13:27:08 IST" name="afterMethod" finished-at="2025-03-25T13:27:08 IST" duration-ms="268" status="PASS">
          <reporter-output>
          </reporter-output>
        </test-method> <!-- afterMethod -->
      </class> <!-- DataProvider.DataProviderDemo -->
    </test> <!-- Parallel Search Test -->
  </suite> <!-- ParallelTestSuite -->
</testng-results>
