<?xml version="1.0" encoding="UTF-8"?>
<testng-results ignored="0" total="1" passed="1" failed="0" skipped="0">
  <reporter-output>
  </reporter-output>
  <suite started-at="2025-03-24T11:25:44 IST" name="Default suite" finished-at="2025-03-24T11:25:55 IST" duration-ms="10861">
    <groups>
    </groups>
    <test started-at="2025-03-24T11:25:44 IST" name="Default test" finished-at="2025-03-24T11:25:55 IST" duration-ms="10861">
      <class name="POM_Basics.PoM_Basics">
        <test-method is-config="true" signature="setup()[pri:0, instance:POM_Basics.PoM_Basics@41d477ed]" started-at="2025-03-24T11:25:44 IST" name="setup" finished-at="2025-03-24T11:25:50 IST" duration-ms="5743" status="PASS">
          <reporter-output>
          </reporter-output>
        </test-method> <!-- setup -->
        <test-method is-config="true" signature="initPageObjects()[pri:0, instance:POM_Basics.PoM_Basics@41d477ed]" started-at="2025-03-24T11:25:50 IST" name="initPageObjects" finished-at="2025-03-24T11:25:50 IST" duration-ms="47" status="PASS">
          <reporter-output>
          </reporter-output>
        </test-method> <!-- initPageObjects -->
        <test-method signature="googleSearchTest()[pri:0, instance:POM_Basics.PoM_Basics@41d477ed]" started-at="2025-03-24T11:25:50 IST" name="googleSearchTest" finished-at="2025-03-24T11:25:55 IST" duration-ms="5015" status="PASS">
          <reporter-output>
          </reporter-output>
        </test-method> <!-- googleSearchTest -->
      </class> <!-- POM_Basics.PoM_Basics -->
    </test> <!-- Default test -->
  </suite> <!-- Default suite -->
</testng-results>
