<?xml version="1.0" encoding="UTF-8"?>
<testng-results ignored="0" total="5" passed="5" failed="0" skipped="0">
  <reporter-output>
  </reporter-output>
  <suite started-at="2025-03-21T12:35:39 IST" name="Default suite" finished-at="2025-03-21T12:35:39 IST" duration-ms="121">
    <groups>
    </groups>
    <test started-at="2025-03-21T12:35:39 IST" name="Default test" finished-at="2025-03-21T12:35:39 IST" duration-ms="121">
      <class name="com.test_basics.Priority">
        <test-method signature="f()[pri:0, instance:com.test_basics.Priority@4ec4f3a0]" started-at="2025-03-21T12:35:39 IST" name="f" finished-at="2025-03-21T12:35:39 IST" duration-ms="17" status="PASS">
          <reporter-output>
          </reporter-output>
        </test-method> <!-- f -->
        <test-method signature="q()[pri:0, instance:com.test_basics.Priority@4ec4f3a0]" started-at="2025-03-21T12:35:39 IST" name="q" finished-at="2025-03-21T12:35:39 IST" duration-ms="3" status="PASS">
          <reporter-output>
          </reporter-output>
        </test-method> <!-- q -->
        <test-method signature="r()[pri:0, instance:com.test_basics.Priority@4ec4f3a0]" started-at="2025-03-21T12:35:39 IST" name="r" finished-at="2025-03-21T12:35:39 IST" duration-ms="4" status="PASS">
          <reporter-output>
          </reporter-output>
        </test-method> <!-- r -->
        <test-method signature="t()[pri:0, instance:com.test_basics.Priority@4ec4f3a0]" started-at="2025-03-21T12:35:39 IST" name="t" finished-at="2025-03-21T12:35:39 IST" duration-ms="3" status="PASS">
          <reporter-output>
          </reporter-output>
        </test-method> <!-- t -->
        <test-method signature="w()[pri:0, instance:com.test_basics.Priority@4ec4f3a0]" started-at="2025-03-21T12:35:39 IST" name="w" finished-at="2025-03-21T12:35:39 IST" duration-ms="9" status="PASS">
          <reporter-output>
          </reporter-output>
        </test-method> <!-- w -->
      </class> <!-- com.test_basics.Priority -->
    </test> <!-- Default test -->
  </suite> <!-- Default suite -->
</testng-results>
