<?xml version="1.0" encoding="UTF-8"?>
<testng-results ignored="0" total="1" passed="1" failed="0" skipped="0">
  <reporter-output>
  </reporter-output>
  <suite started-at="2025-03-21T10:04:21 IST" name="Default suite" finished-at="2025-03-21T10:04:54 IST" duration-ms="33276">
    <groups>
    </groups>
    <test started-at="2025-03-21T10:04:21 IST" name="Default test" finished-at="2025-03-21T10:04:54 IST" duration-ms="33276">
      <class name="com.test_basics.TutorialsNinja">
        <test-method is-config="true" signature="beforeTest()[pri:0, instance:com.test_basics.TutorialsNinja@765d7657]" started-at="2025-03-21T10:04:21 IST" name="beforeTest" finished-at="2025-03-21T10:04:51 IST" duration-ms="30526" status="PASS">
          <reporter-output>
          </reporter-output>
        </test-method> <!-- beforeTest -->
        <test-method signature="verify()[pri:0, instance:com.test_basics.TutorialsNinja@765d7657]" started-at="2025-03-21T10:04:51 IST" name="verify" finished-at="2025-03-21T10:04:54 IST" duration-ms="2448" status="PASS">
          <reporter-output>
          </reporter-output>
        </test-method> <!-- verify -->
        <test-method is-config="true" signature="afterTest()[pri:0, instance:com.test_basics.TutorialsNinja@765d7657]" started-at="2025-03-21T10:04:54 IST" name="afterTest" finished-at="2025-03-21T10:04:54 IST" duration-ms="225" status="PASS">
          <reporter-output>
          </reporter-output>
        </test-method> <!-- afterTest -->
      </class> <!-- com.test_basics.TutorialsNinja -->
    </test> <!-- Default test -->
  </suite> <!-- Default suite -->
</testng-results>
