<?xml version="1.0" encoding="UTF-8"?>
<!-- Generated by org.testng.reporters.JUnitXMLReporter -->
<testsuite ignored="0" hostname="Sevvelkarans-MacBook-Air.local" failures="0" tests="3" name="Default test" time="27.599" errors="0" timestamp="2025-03-25T16:04:55 IST">
  <testcase classname="DataProvider.DataProviderExcel" name="search" time="5.691"/>
  <testcase classname="DataProvider.DataProviderExcel" name="search" time="5.81"/>
  <testcase classname="DataProvider.DataProviderExcel" name="search" time="4.782"/>
</testsuite> <!-- Default test -->
