<?xml version="1.0" encoding="UTF-8"?>
<!-- Generated by org.testng.reporters.JUnitXMLReporter -->
<testsuite ignored="0" hostname="Sevvelkarans-MacBook-Air.local" failures="1" tests="4" name="Parallel Search Test" time="31.395" errors="0" timestamp="2025-03-25T16:45:13 IST">
  <testcase classname="DataProvider.DataProviderExcel" name="search" time="8.92"/>
  <testcase classname="DataProvider.DataProviderExcel" name="search" time="8.689"/>
  <testcase classname="DataProvider.DataProviderExcel" name="search" time="0.632">
    <failure type="java.lang.IllegalArgumentException" message="Keys to send should be a not null CharSequence">
      <![CDATA[java.lang.IllegalArgumentException: Keys to send should be a not null CharSequence
at org.openqa.selenium.remote.RemoteWebElement.sendKeys(RemoteWebElement.java:96)
at DataProvider.DataProviderExcel.search(DataProviderExcel.java:28)
at java.base/java.util.concurrent.ThreadPoolExecutor.runWorker(ThreadPoolExecutor.java:1144)
at java.base/java.util.concurrent.ThreadPoolExecutor$Worker.run(ThreadPoolExecutor.java:642)
at java.base/java.lang.Thread.run(Thread.java:1583)
... Removed 7 stack frames]]>
    </failure>
  </testcase> <!-- search -->
  <testcase classname="DataProvider.DataProviderExcel" name="search" time="5.488"/>
</testsuite> <!-- Parallel Search Test -->
