<?xml version="1.0" encoding="UTF-8"?>
<!-- Generated by org.testng.reporters.JUnitXMLReporter -->
<testsuite ignored="0" hostname="Sevvelkarans-MacBook-Air.local" failures="0" tests="3" name="Parallel Search Test" time="24.87" errors="0" timestamp="2025-03-25T16:09:31 IST">
  <testcase classname="DataProvider.DataProviderExcel" name="search" time="5.885"/>
  <testcase classname="DataProvider.DataProviderExcel" name="search" time="5.942"/>
  <testcase classname="DataProvider.DataProviderExcel" name="search" time="4.598"/>
</testsuite> <!-- Parallel Search Test -->
