<?xml version="1.0" encoding="UTF-8"?>
<!-- Generated by org.testng.reporters.JUnitXMLReporter -->
<testsuite ignored="0" hostname="Sevvelkarans-MacBook-Air.local" failures="0" tests="3" name="Test2" time="15.727" errors="0" timestamp="2025-03-20T15:13:09 IST">
  <testcase classname="com.test_basics.NewTest" name="Login" time="0.01"/>
  <testcase classname="com.test_basics.NewTest" name="Logout" time="0.002"/>
  <testcase classname="com.test_basics.Demo1" name="f" time="13.01"/>
</testsuite> <!-- Test2 -->
