<?xml version="1.0" encoding="UTF-8"?>
<!-- Generated by org.testng.reporters.JUnitXMLReporter -->
<testsuite ignored="0" hostname="Sevvelkarans-MacBook-Air.local" failures="0" tests="3" name="Test" time="32.013" errors="0" timestamp="2025-03-25T12:14:30 IST">
  <testcase classname="DataProvider.DataProviderDemo" name="search" time="0.534"/>
  <testcase classname="DataProvider.DataProviderDemo" name="search" time="1.601"/>
  <testcase classname="DataProvider.DataProviderDemo" name="search" time="0.326"/>
</testsuite> <!-- Test -->
