<?xml version="1.0" encoding="UTF-8"?>
<!-- Generated by org.testng.reporters.JUnitXMLReporter -->
<testsuite ignored="0" hostname="Sevvelkarans-MacBook-Air.local" failures="1" tests="1" name="Test1" time="16.513" errors="0" timestamp="2025-03-24T14:50:21 IST">
  <testcase classname="com.tests.DashBoardTest" name="DashBoardTest" time="3.781">
    <failure type="java.lang.AssertionError" message="expected [true] but found [false]">
      <![CDATA[java.lang.AssertionError: expected [true] but found [false]
at com.tests.DashBoardTest.DashBoardTest(DashBoardTest.java:23)
at java.base/java.util.ArrayList.forEach(ArrayList.java:1596)
... Removed 29 stack frames]]>
    </failure>
  </testcase> <!-- DashBoardTest -->
</testsuite> <!-- Test1 -->
